{"total": {"lines":{"total":141,"covered":45,"skipped":0,"pct":31.91},"statements":{"total":159,"covered":57,"skipped":0,"pct":35.85},"functions":{"total":32,"covered":7,"skipped":0,"pct":21.88},"branches":{"total":14,"covered":8,"skipped":0,"pct":57.14}}
,"/Users/apple/chaks/samarth/user-service/src/app.module.ts": {"lines":{"total":14,"covered":0,"skipped":0,"pct":0},"functions":{"total":2,"covered":0,"skipped":0,"pct":0},"statements":{"total":16,"covered":0,"skipped":0,"pct":0},"branches":{"total":0,"covered":0,"skipped":0,"pct":100}}
,"/Users/apple/chaks/samarth/user-service/src/main.ts": {"lines":{"total":5,"covered":0,"skipped":0,"pct":0},"functions":{"total":1,"covered":0,"skipped":0,"pct":0},"statements":{"total":5,"covered":0,"skipped":0,"pct":0},"branches":{"total":0,"covered":0,"skipped":0,"pct":100}}
,"/Users/apple/chaks/samarth/user-service/src/user/user.controller.ts": {"lines":{"total":17,"covered":13,"skipped":0,"pct":76.47},"functions":{"total":4,"covered":2,"skipped":0,"pct":50},"statements":{"total":19,"covered":15,"skipped":0,"pct":78.95},"branches":{"total":0,"covered":0,"skipped":0,"pct":100}}
,"/Users/apple/chaks/samarth/user-service/src/user/user.module.ts": {"lines":{"total":11,"covered":0,"skipped":0,"pct":0},"functions":{"total":2,"covered":0,"skipped":0,"pct":0},"statements":{"total":13,"covered":0,"skipped":0,"pct":0},"branches":{"total":0,"covered":0,"skipped":0,"pct":100}}
,"/Users/apple/chaks/samarth/user-service/src/user/fusionauth/fusionauth.service.ts": {"lines":{"total":3,"covered":2,"skipped":0,"pct":66.67},"functions":{"total":1,"covered":0,"skipped":0,"pct":0},"statements":{"total":5,"covered":4,"skipped":0,"pct":80},"branches":{"total":0,"covered":0,"skipped":0,"pct":100}}
,"/Users/apple/chaks/samarth/user-service/src/user/otp/otp.service.ts": {"lines":{"total":10,"covered":6,"skipped":0,"pct":60},"functions":{"total":4,"covered":1,"skipped":0,"pct":25},"statements":{"total":12,"covered":8,"skipped":0,"pct":66.67},"branches":{"total":0,"covered":0,"skipped":0,"pct":100}}
,"/Users/apple/chaks/samarth/user-service/src/user/sms/sms.interface.ts": {"lines":{"total":14,"covered":14,"skipped":0,"pct":100},"functions":{"total":4,"covered":4,"skipped":0,"pct":100},"statements":{"total":14,"covered":14,"skipped":0,"pct":100},"branches":{"total":8,"covered":8,"skipped":0,"pct":100}}
,"/Users/apple/chaks/samarth/user-service/src/user/sms/sms.service.ts": {"lines":{"total":6,"covered":2,"skipped":0,"pct":33.33},"functions":{"total":2,"covered":0,"skipped":0,"pct":0},"statements":{"total":8,"covered":4,"skipped":0,"pct":50},"branches":{"total":0,"covered":0,"skipped":0,"pct":100}}
,"/Users/apple/chaks/samarth/user-service/src/user/sms/cdac/cdac.service.ts": {"lines":{"total":7,"covered":3,"skipped":0,"pct":42.86},"functions":{"total":2,"covered":0,"skipped":0,"pct":0},"statements":{"total":9,"covered":5,"skipped":0,"pct":55.56},"branches":{"total":0,"covered":0,"skipped":0,"pct":100}}
,"/Users/apple/chaks/samarth/user-service/src/user/sms/gupshup/gupshup.service.ts": {"lines":{"total":54,"covered":5,"skipped":0,"pct":9.26},"functions":{"total":10,"covered":0,"skipped":0,"pct":0},"statements":{"total":58,"covered":7,"skipped":0,"pct":12.07},"branches":{"total":6,"covered":0,"skipped":0,"pct":0}}
}
